<?xml version="1.0" encoding="UTF-8"?>
<testsuite name="kr.aaron.restdocs_assistant.ResponseAssistantTest" tests="1" skipped="0" failures="0" errors="0" timestamp="2021-07-27T08:09:00" hostname="Aarons-MacBook-Pro.local" time="0.042">
  <properties/>
  <testcase name="collectionClassCheck()" classname="kr.aaron.restdocs_assistant.ResponseAssistantTest" time="0.042"/>
  <system-out><![CDATA[]]></system-out>
  <system-err><![CDATA[]]></system-err>
</testsuite>
